<?xml version="1.0" encoding="UTF-8"?>
<!-- Generated by org.testng.reporters.JUnitReportReporter -->
<testsuite skipped="0" hostname="Itexicos-MacBook-Pro.local" name="com.RegressionTest.NewTest" tests="4" failures="0" timestamp="07 Aug 2019 16:54:30 GMT" time="0.588" errors="0">
  <testcase name="RunwithData" time="0.002" classname="com.RegressionTest.NewTest"/>
  <testcase name="RunwithData" time="0.001" classname="com.RegressionTest.NewTest"/>
  <testcase name="Homepage_Links" time="0.405" classname="com.RegressionTest.NewTest"/>
  <testcase name="userLogin" time="0.180" classname="com.RegressionTest.NewTest"/>
</testsuite> <!-- com.RegressionTest.NewTest -->
