<?xml version="1.0" encoding="UTF-8"?>
<!-- Generated by org.testng.reporters.JUnitReportReporter -->
<testsuite skipped="0" hostname="linux1-VirtualBox" name="com.RegressionTest.NewTest" tests="3" failures="0" timestamp="20 Aug 2019 16:55:44 GMT" time="1.319" errors="0">
  <testcase name="RunwithData" time="0.031" classname="com.RegressionTest.NewTest"/>
  <testcase name="Homepage_Links" time="0.884" classname="com.RegressionTest.NewTest"/>
  <testcase name="userLogin" time="0.404" classname="com.RegressionTest.NewTest"/>
</testsuite> <!-- com.RegressionTest.NewTest -->
