<?xml version="1.0" encoding="UTF-8"?>
<!-- Generated by org.testng.reporters.JUnitReportReporter -->
<testsuite skipped="0" hostname="Itexicos-MacBook-Pro.local" name="com.RegressionTest.NewTest" tests="1" failures="0" timestamp="06 Aug 2019 20:03:02 GMT" time="21.198" errors="0">
  <testcase name="userLogin" time="21.198" classname="com.RegressionTest.NewTest"/>
</testsuite> <!-- com.RegressionTest.NewTest -->
