<?xml version="1.0" encoding="UTF-8"?>
<!-- Generated by org.testng.reporters.JUnitReportReporter -->
<testsuite skipped="0" hostname="Itexicos-MacBook-Pro.local" name="com.mobile.MobileNewTest" tests="2" failures="0" timestamp="09 Aug 2019 21:09:50 GMT" time="0.008" errors="0">
  <testcase name="f" time="0.002" classname="com.mobile.MobileNewTest"/>
  <testcase name="f" time="0.006" classname="com.mobile.MobileNewTest"/>
</testsuite> <!-- com.mobile.MobileNewTest -->
