<?xml version="1.0" encoding="UTF-8"?>
<!-- Generated by org.testng.reporters.JUnitReportReporter -->
<testsuite skipped="0" hostname="Itexicos-MacBook-Pro.local" name="com.RegressionTest.NewTest" tests="2" failures="0" timestamp="06 Aug 2019 21:52:01 GMT" time="44.800" errors="0">
  <testcase name="userLogin" time="13.517" classname="com.RegressionTest.NewTest"/>
  <testcase name="Homepage_Links" time="31.283" classname="com.RegressionTest.NewTest"/>
</testsuite> <!-- com.RegressionTest.NewTest -->
