<?xml version="1.0" encoding="UTF-8"?>
<testsuite name="TestChrome" tests="1" skipped="0" failures="0" errors="0" timestamp="2019-08-05T21:11:47" hostname="Itexicos-MacBook-Pro.local" time="8.68">
  <properties/>
  <testcase name="test" classname="TestChrome" time="8.68"/>
  <system-out><![CDATA[]]></system-out>
  <system-err><![CDATA[Starting ChromeDriver 76.0.3809.68 (420c9498db8ce8fcd190a954d51297672c1515d5-refs/branch-heads/3809@{#864}) on port 37801
Only local connections are allowed.
Please protect ports used by ChromeDriver and related test frameworks to prevent access by malicious code.
Aug 05, 2019 4:11:49 PM org.openqa.selenium.remote.ProtocolHandshake createSession
INFO: Detected dialect: W3C
]]></system-err>
</testsuite>
