<?xml version="1.0" encoding="UTF-8"?>
<!-- Generated by org.testng.reporters.JUnitReportReporter -->
<testsuite skipped="0" hostname="Itexicos-MacBook-Pro.local" name="com.JavaSimpleTest.TestNG_java.NewTest" tests="1" failures="0" timestamp="01 Aug 2019 20:30:27 GMT" time="8.918" errors="0">
  <testcase name="f" time="8.918" classname="com.JavaSimpleTest.TestNG_java.NewTest"/>
</testsuite> <!-- com.JavaSimpleTest.TestNG_java.NewTest -->
